<?xml version="1.0" encoding="UTF-8"?>
<TestRun id="aae178ff-275b-4cab-9a0f-78b51c662cc4" name="sergueik@SERGUEIK42 2014-08-08 19:06:08" runUser="sergueik42\sergueik" xmlns="http://microsoft.com/schemas/VisualStudio/TeamTest/2010">
  <TestSettings name="Default Test Settings" id="e0f97c0f-fe2f-461a-bbeb-53a8eb0aedf0">
    <Deployment userDeploymentRoot="C:\developer\sergueik\powershell_ui_samples\csharp\selenium\mstest" useDefaultDeploymentRoot="false" runDeploymentRoot="sergueik_SERGUEIK42 2014-08-08 19_06_08" />
    <Execution>
      <TestTypeSpecific />
      <AgentRule name="Execution Agents">
      </AgentRule>
    </Execution>
  </TestSettings>
  <Times creation="2014-08-08T19:06:08.4653773-04:00" queuing="2014-08-08T19:06:08.7211933-04:00" start="2014-08-08T19:06:08.7663373-04:00" finish="2014-08-08T19:06:14.1013549-04:00" />
  <ResultSummary outcome="Completed">
    <Counters total="1" executed="1" passed="1" error="0" failed="0" timeout="0" aborted="0" inconclusive="0" passedButRunAborted="0" notRunnable="0" notExecuted="0" disconnected="0" warning="0" completed="0" inProgress="0" pending="0" />
  </ResultSummary>
  <TestDefinitions>
    <UnitTest name="Test_1" storage="sample\bin\debug\sample.dll" id="622f180d-db9d-c94f-886a-190becfed416">
      <Execution id="6c4cc06f-5e2a-446a-8c4b-5c052cb828fa" />
      <TestMethod codeBase="C:/developer/sergueik/powershell_ui_samples/csharp/selenium/mstest/Sample/bin/Debug/Sample.DLL" adapterTypeName="Microsoft.VisualStudio.TestTools.TestTypes.Unit.UnitTestAdapter, Microsoft.VisualStudio.QualityTools.Tips.UnitTest.Adapter, Version=10.0.0.0, Culture=neutral, PublicKeyToken=b03f5f7f11d50a3a" className="SeleniumTests.SeleniumTest, Sample, Version=1.0.0.0, Culture=neutral, PublicKeyToken=null" name="Test_1" />
    </UnitTest>
  </TestDefinitions>
  <TestLists>
    <TestList name="Results Not in a List" id="8c84fa94-04c1-424b-9868-57a2d4851a1d" />
    <TestList name="All Loaded Results" id="19431567-8539-422a-85d7-44ee4e166bda" />
  </TestLists>
  <TestEntries>
    <TestEntry testId="622f180d-db9d-c94f-886a-190becfed416" executionId="6c4cc06f-5e2a-446a-8c4b-5c052cb828fa" testListId="8c84fa94-04c1-424b-9868-57a2d4851a1d" />
  </TestEntries>
  <Results>
    <UnitTestResult executionId="6c4cc06f-5e2a-446a-8c4b-5c052cb828fa" testId="622f180d-db9d-c94f-886a-190becfed416" testName="Test_1" computerName="SERGUEIK42" duration="00:00:04.8052758" startTime="2014-08-08T19:06:08.7663373-04:00" endTime="2014-08-08T19:06:13.7632765-04:00" testType="13cdc9d9-ddb5-4fa4-a97d-d965ccfc6d4b" outcome="Passed" testListId="8c84fa94-04c1-424b-9868-57a2d4851a1d" relativeResultsDirectory="6c4cc06f-5e2a-446a-8c4b-5c052cb828fa">
    </UnitTestResult>
  </Results>
</TestRun>